<testsuites id="" name="" tests="38" failures="0" skipped="0" errors="0" time="152.42292">
<testsuite name="auth.spec.ts" timestamp="2026-03-28T18:54:53.872Z" hostname="chromium" tests="38" failures="0" skipped="0" time="150.972" errors="0">
<testcase name="Login Page › renders login form with all expected elements" classname="auth.spec.ts" time="3.213">
<system-out>
<![CDATA[  [screenshot] C:\Users\kutsk\transcribe2text\e2e-tests\screenshots\auth\login-page-initial.png
]]>
</system-out>
</testcase>
<testcase name="Login Page › email and password fields accept input" classname="auth.spec.ts" time="4.222">
</testcase>
<testcase name="Login Page › shows validation errors when submitting empty form" classname="auth.spec.ts" time="3.257">
<system-out>
<![CDATA[  [screenshot] C:\Users\kutsk\transcribe2text\e2e-tests\screenshots\auth\login-validation-errors.png
]]>
</system-out>
</testcase>
<testcase name="Login Page › password show/hide toggle works" classname="auth.spec.ts" time="3.644">
<system-out>
<![CDATA[  [screenshot] C:\Users\kutsk\transcribe2text\e2e-tests\screenshots\auth\login-password-toggle.png
]]>
</system-out>
</testcase>
<testcase name="Login Page › submit button shows loading state during submission" classname="auth.spec.ts" time="4.188">
<system-out>
<![CDATA[  [screenshot] C:\Users\kutsk\transcribe2text\e2e-tests\screenshots\auth\login-loading-state.png
]]>
</system-out>
</testcase>
<testcase name="Login Page › shows error message on invalid credentials" classname="auth.spec.ts" time="4.523">
<system-out>
<![CDATA[  [screenshot] C:\Users\kutsk\transcribe2text\e2e-tests\screenshots\auth\login-error-invalid-credentials.png
]]>
</system-out>
</testcase>
<testcase name="Login Page › successful login redirects to /" classname="auth.spec.ts" time="4.716">
<system-out>
<![CDATA[  [screenshot] C:\Users\kutsk\transcribe2text\e2e-tests\screenshots\auth\login-success-redirect.png
]]>
</system-out>
</testcase>
<testcase name="Login Page › &apos;Create one free&apos; link navigates to signup page" classname="auth.spec.ts" time="3.282">
</testcase>
<testcase name="Login Page › no console errors on login page load" classname="auth.spec.ts" time="4.657">
</testcase>
<testcase name="Signup Page › renders signup form with all expected elements" classname="auth.spec.ts" time="3.131">
<system-out>
<![CDATA[  [screenshot] C:\Users\kutsk\transcribe2text\e2e-tests\screenshots\auth\signup-page-initial.png
]]>
</system-out>
</testcase>
<testcase name="Signup Page › all form fields accept input" classname="auth.spec.ts" time="5.314">
</testcase>
<testcase name="Signup Page › shows validation errors on empty submit (after blur)" classname="auth.spec.ts" time="3.41">
<system-out>
<![CDATA[  [screenshot] C:\Users\kutsk\transcribe2text\e2e-tests\screenshots\auth\signup-validation-errors.png
]]>
</system-out>
</testcase>
<testcase name="Signup Page › email validation rejects invalid format" classname="auth.spec.ts" time="3.717">
<system-out>
<![CDATA[  [screenshot] C:\Users\kutsk\transcribe2text\e2e-tests\screenshots\auth\signup-invalid-email.png
]]>
</system-out>
</testcase>
<testcase name="Signup Page › password minimum length validation" classname="auth.spec.ts" time="3.425">
<system-out>
<![CDATA[  [screenshot] C:\Users\kutsk\transcribe2text\e2e-tests\screenshots\auth\signup-password-too-short.png
]]>
</system-out>
</testcase>
<testcase name="Signup Page › password confirmation mismatch shows error" classname="auth.spec.ts" time="4.468">
<system-out>
<![CDATA[  [screenshot] C:\Users\kutsk\transcribe2text\e2e-tests\screenshots\auth\signup-password-mismatch.png
]]>
</system-out>
</testcase>
<testcase name="Signup Page › password show/hide toggle works for both password fields" classname="auth.spec.ts" time="4.117">
<system-out>
<![CDATA[  [screenshot] C:\Users\kutsk\transcribe2text\e2e-tests\screenshots\auth\signup-password-toggles.png
]]>
</system-out>
</testcase>
<testcase name="Signup Page › password strength bar updates as user types" classname="auth.spec.ts" time="4.375">
<system-out>
<![CDATA[  [screenshot] C:\Users\kutsk\transcribe2text\e2e-tests\screenshots\auth\signup-strength-weak.png
  [screenshot] C:\Users\kutsk\transcribe2text\e2e-tests\screenshots\auth\signup-strength-medium.png
  [screenshot] C:\Users\kutsk\transcribe2text\e2e-tests\screenshots\auth\signup-strength-strong.png
]]>
</system-out>
</testcase>
<testcase name="Signup Page › password strength bar not shown when password is empty" classname="auth.spec.ts" time="3.025">
</testcase>
<testcase name="Signup Page › submit button shows loading state during submission" classname="auth.spec.ts" time="5.391">
<system-out>
<![CDATA[  [screenshot] C:\Users\kutsk\transcribe2text\e2e-tests\screenshots\auth\signup-loading-state.png
]]>
</system-out>
</testcase>
<testcase name="Signup Page › successful signup shows toast and redirects to /check-email" classname="auth.spec.ts" time="5.147">
<system-out>
<![CDATA[  [screenshot] C:\Users\kutsk\transcribe2text\e2e-tests\screenshots\auth\signup-success-redirect.png
]]>
</system-out>
</testcase>
<testcase name="Signup Page › shows error message on signup failure" classname="auth.spec.ts" time="5.694">
<system-out>
<![CDATA[  [screenshot] C:\Users\kutsk\transcribe2text\e2e-tests\screenshots\auth\signup-error-duplicate.png
]]>
</system-out>
</testcase>
<testcase name="Signup Page › &apos;Sign in&apos; link navigates to login page" classname="auth.spec.ts" time="3.775">
</testcase>
<testcase name="Auth Layout › login page shows branded left panel on desktop" classname="auth.spec.ts" time="3.114">
<system-out>
<![CDATA[  [screenshot] C:\Users\kutsk\transcribe2text\e2e-tests\screenshots\auth\auth-layout-desktop.png
]]>
</system-out>
</testcase>
<testcase name="Auth Layout › login page hides left panel on mobile" classname="auth.spec.ts" time="2.954">
<system-out>
<![CDATA[  [screenshot] C:\Users\kutsk\transcribe2text\e2e-tests\screenshots\auth\auth-layout-mobile.png
]]>
</system-out>
</testcase>
<testcase name="Protected Routes › unauthenticated user visiting / is redirected to /login" classname="auth.spec.ts" time="2.698">
<system-out>
<![CDATA[  [screenshot] C:\Users\kutsk\transcribe2text\e2e-tests\screenshots\auth\protected-route-redirect.png
]]>
</system-out>
</testcase>
<testcase name="Protected Routes › unauthenticated user visiting /transcriptions/:id is redirected to /login" classname="auth.spec.ts" time="2.71">
<system-out>
<![CDATA[  [screenshot] C:\Users\kutsk\transcribe2text\e2e-tests\screenshots\auth\protected-transcription-redirect.png
]]>
</system-out>
</testcase>
<testcase name="Protected Routes › protected route shows loading spinner while checking auth" classname="auth.spec.ts" time="2.56">
<system-out>
<![CDATA[  [screenshot] C:\Users\kutsk\transcribe2text\e2e-tests\screenshots\auth\protected-route-loading.png
]]>
</system-out>
</testcase>
<testcase name="Keyboard Accessibility › login form can be submitted with keyboard only" classname="auth.spec.ts" time="3.179">
<system-out>
<![CDATA[  [screenshot] C:\Users\kutsk\transcribe2text\e2e-tests\screenshots\auth\login-keyboard-navigation.png
]]>
</system-out>
</testcase>
<testcase name="Keyboard Accessibility › signup form can be navigated with Tab key" classname="auth.spec.ts" time="3.178">
<system-out>
<![CDATA[  [screenshot] C:\Users\kutsk\transcribe2text\e2e-tests\screenshots\auth\signup-keyboard-navigation.png
]]>
</system-out>
</testcase>
<testcase name="UI Consistency › login page uses correct design tokens (no hardcoded colors in form area)" classname="auth.spec.ts" time="3.056">
</testcase>
<testcase name="UI Consistency › signup page password strength bar uses correct colors" classname="auth.spec.ts" time="3.871">
</testcase>
<testcase name="Email Confirmation Flow › signup redirects to /check-email with email param" classname="auth.spec.ts" time="5.108">
</testcase>
<testcase name="Email Confirmation Flow › /check-email page renders with all elements" classname="auth.spec.ts" time="3.048">
</testcase>
<testcase name="Email Confirmation Flow › /check-email &apos;Back to login&apos; link works" classname="auth.spec.ts" time="3.209">
</testcase>
<testcase name="Email Confirmation Flow › /auth/callback shows spinner and redirects" classname="auth.spec.ts" time="7.468">
</testcase>
<testcase name="Google OAuth Login › login page shows Google sign-in button" classname="auth.spec.ts" time="3.033">
</testcase>
<testcase name="Google OAuth Login › signup page shows Google sign-in button" classname="auth.spec.ts" time="3.054">
</testcase>
<testcase name="Google OAuth Login › Google button shows loading state when clicked" classname="auth.spec.ts" time="8.041">
</testcase>
</testsuite>
</testsuites>